<?xml version="1.0" encoding="UTF-8"?>
<!-- Generated by org.testng.reporters.JUnitReportReporter -->
<testsuite hostname="XIPL0440" name="com.automation.testScript.loginToApplication" tests="1" failures="0" timestamp="5 Jan 2016 09:44:36 GMT" time="13.628" errors="0">
  <testcase name="f" time="13.628" classname="com.automation.testScript.loginToApplication"/>
</testsuite> <!-- com.automation.testScript.loginToApplication -->
