<?xml version="1.0" encoding="UTF-8"?>
<!-- Generated by org.testng.reporters.JUnitReportReporter -->
<testsuite hostname="XIPL0440" name="com.automation.testScript.loginToApplication" tests="1" failures="0" timestamp="6 Jan 2016 10:04:41 GMT" time="22.357" errors="0">
  <testcase name="f" time="22.357" classname="com.automation.testScript.loginToApplication"/>
</testsuite> <!-- com.automation.testScript.loginToApplication -->
